23-09-2014 14:00:23 - INFO at: VALID - started...
23-09-2014 14:00:23 - INFO - .......................................................................
23-09-2014 14:00:23 - WARNING WAR001 at: VALID Tuple/Match: 1 MATCH_L_TO_R : 3 - The datatypes of the two sides are only compatible from right to left. The data will be tranformed if necessary
23-09-2014 14:00:23 - WARNING WAR001 at: VALID Tuple/Match: 14 MATCH_L_TO_R : 58 - The datatypes of the two sides are only compatible from right to left. The data will be tranformed if necessary
23-09-2014 14:00:23 - WARNING WAR001 at: VALID Tuple/Match: 14 MATCH_L_TO_R : 59 - The datatypes of the two sides are only compatible from right to left. The data will be tranformed if necessary
23-09-2014 14:00:24 - INFO - .......................................................................
23-09-2014 14:00:24 - INFO at: VALID - completed with warnings
23-09-2014 14:00:24 - INFO - .......................................................................
23-09-2014 14:00:24 - INFO - 14 tuples affected
23-09-2014 14:00:24 - INFO - 60 matches affected
23-09-2014 14:00:24 - INFO - 3 warning(s)
23-09-2014 16:26:21 - INFO at: VALID - started...
23-09-2014 16:26:21 - INFO - .......................................................................
23-09-2014 16:26:21 - WARNING WAR001 at: VALID Tuple/Match: 1 MATCH_L_TO_R : 3 - The datatypes of the two sides are only compatible from right to left. The data will be tranformed if necessary
23-09-2014 16:26:21 - WARNING WAR001 at: VALID Tuple/Match: 14 MATCH_L_TO_R : 58 - The datatypes of the two sides are only compatible from right to left. The data will be tranformed if necessary
23-09-2014 16:26:21 - WARNING WAR001 at: VALID Tuple/Match: 14 MATCH_L_TO_R : 59 - The datatypes of the two sides are only compatible from right to left. The data will be tranformed if necessary
23-09-2014 16:26:21 - INFO - .......................................................................
23-09-2014 16:26:21 - INFO at: VALID - completed with warnings
23-09-2014 16:26:21 - INFO - .......................................................................
23-09-2014 16:26:21 - INFO - 14 tuples affected
23-09-2014 16:26:21 - INFO - 60 matches affected
23-09-2014 16:26:21 - INFO - 3 warning(s)
24-09-2014 12:24:35 - INFO at: VALID - started...
24-09-2014 12:24:35 - INFO - .......................................................................
24-09-2014 12:24:35 - WARNING WAR001 at: VALID Tuple/Match: 1 MATCH_L_TO_R : 3 - The datatypes of the two sides are only compatible from right to left. The data will be tranformed if necessary
24-09-2014 12:24:35 - WARNING WAR001 at: VALID Tuple/Match: 14 MATCH_L_TO_R : 58 - The datatypes of the two sides are only compatible from right to left. The data will be tranformed if necessary
24-09-2014 12:24:35 - WARNING WAR001 at: VALID Tuple/Match: 14 MATCH_L_TO_R : 59 - The datatypes of the two sides are only compatible from right to left. The data will be tranformed if necessary
24-09-2014 12:24:35 - INFO - .......................................................................
24-09-2014 12:24:35 - INFO at: VALID - completed with warnings
24-09-2014 12:24:35 - INFO - .......................................................................
24-09-2014 12:24:35 - INFO - 14 tuples affected
24-09-2014 12:24:35 - INFO - 60 matches affected
24-09-2014 12:24:35 - INFO - 3 warning(s)
24-09-2014 12:47:32 - INFO at: VALID - started...
24-09-2014 12:47:32 - INFO - .......................................................................
24-09-2014 12:47:33 - WARNING WAR001 at: VALID Tuple/Match: 1 MATCH_L_TO_R : 3 - The datatypes of the two sides are only compatible from right to left. The data will be tranformed if necessary
24-09-2014 12:47:33 - WARNING WAR001 at: VALID Tuple/Match: 14 MATCH_L_TO_R : 58 - The datatypes of the two sides are only compatible from right to left. The data will be tranformed if necessary
24-09-2014 12:47:33 - WARNING WAR001 at: VALID Tuple/Match: 14 MATCH_L_TO_R : 59 - The datatypes of the two sides are only compatible from right to left. The data will be tranformed if necessary
24-09-2014 12:47:33 - INFO - .......................................................................
24-09-2014 12:47:33 - INFO at: VALID - completed with warnings
24-09-2014 12:47:33 - INFO - .......................................................................
24-09-2014 12:47:33 - INFO - 14 tuples affected
24-09-2014 12:47:33 - INFO - 60 matches affected
24-09-2014 12:47:33 - INFO - 3 warning(s)
24-09-2014 12:50:08 - INFO at: VALID - started...
24-09-2014 12:50:08 - INFO - .......................................................................
24-09-2014 12:50:08 - WARNING WAR001 at: VALID Tuple/Match: 1 MATCH_L_TO_R : 3 - The datatypes of the two sides are only compatible from right to left. The data will be tranformed if necessary
24-09-2014 12:50:08 - WARNING WAR001 at: VALID Tuple/Match: 14 MATCH_L_TO_R : 58 - The datatypes of the two sides are only compatible from right to left. The data will be tranformed if necessary
24-09-2014 12:50:08 - WARNING WAR001 at: VALID Tuple/Match: 14 MATCH_L_TO_R : 59 - The datatypes of the two sides are only compatible from right to left. The data will be tranformed if necessary
24-09-2014 12:50:08 - INFO - .......................................................................
24-09-2014 12:50:08 - INFO at: VALID - completed with warnings
24-09-2014 12:50:08 - INFO - .......................................................................
24-09-2014 12:50:08 - INFO - 14 tuples affected
24-09-2014 12:50:08 - INFO - 60 matches affected
24-09-2014 12:50:08 - INFO - 3 warning(s)
24-09-2014 12:52:10 - INFO at: VALID - started...
24-09-2014 12:52:10 - INFO - .......................................................................
24-09-2014 12:52:10 - WARNING WAR001 at: VALID Tuple/Match: 1 MATCH_L_TO_R : 3 - The datatypes of the two sides are only compatible from right to left. The data will be tranformed if necessary
24-09-2014 12:52:10 - WARNING WAR001 at: VALID Tuple/Match: 14 MATCH_L_TO_R : 58 - The datatypes of the two sides are only compatible from right to left. The data will be tranformed if necessary
24-09-2014 12:52:10 - WARNING WAR001 at: VALID Tuple/Match: 14 MATCH_L_TO_R : 59 - The datatypes of the two sides are only compatible from right to left. The data will be tranformed if necessary
24-09-2014 12:52:10 - INFO - .......................................................................
24-09-2014 12:52:10 - INFO at: VALID - completed with warnings
24-09-2014 12:52:10 - INFO - .......................................................................
24-09-2014 12:52:10 - INFO - 14 tuples affected
24-09-2014 12:52:10 - INFO - 60 matches affected
24-09-2014 12:52:10 - INFO - 3 warning(s)
24-09-2014 12:53:05 - INFO at: VALID - started...
24-09-2014 12:53:05 - INFO - .......................................................................
24-09-2014 12:53:05 - WARNING WAR001 at: VALID Tuple/Match: 1 MATCH_L_TO_R : 3 - The datatypes of the two sides are only compatible from right to left. The data will be tranformed if necessary
24-09-2014 12:53:05 - WARNING WAR001 at: VALID Tuple/Match: 14 MATCH_L_TO_R : 58 - The datatypes of the two sides are only compatible from right to left. The data will be tranformed if necessary
24-09-2014 12:53:05 - WARNING WAR001 at: VALID Tuple/Match: 14 MATCH_L_TO_R : 59 - The datatypes of the two sides are only compatible from right to left. The data will be tranformed if necessary
24-09-2014 12:53:05 - INFO - .......................................................................
24-09-2014 12:53:05 - INFO at: VALID - completed with warnings
24-09-2014 12:53:05 - INFO - .......................................................................
24-09-2014 12:53:05 - INFO - 14 tuples affected
24-09-2014 12:53:05 - INFO - 60 matches affected
24-09-2014 12:53:05 - INFO - 3 warning(s)
24-09-2014 12:55:18 - INFO at: VALID - started...
24-09-2014 12:55:18 - INFO - .......................................................................
24-09-2014 12:55:18 - WARNING WAR001 at: VALID Tuple/Match: 1 MATCH_L_TO_R : 3 - The datatypes of the two sides are only compatible from right to left. The data will be tranformed if necessary
24-09-2014 12:55:18 - WARNING WAR001 at: VALID Tuple/Match: 14 MATCH_L_TO_R : 58 - The datatypes of the two sides are only compatible from right to left. The data will be tranformed if necessary
24-09-2014 12:55:18 - WARNING WAR001 at: VALID Tuple/Match: 14 MATCH_L_TO_R : 59 - The datatypes of the two sides are only compatible from right to left. The data will be tranformed if necessary
24-09-2014 12:55:18 - INFO - .......................................................................
24-09-2014 12:55:18 - INFO at: VALID - completed with warnings
24-09-2014 12:55:18 - INFO - .......................................................................
24-09-2014 12:55:18 - INFO - 14 tuples affected
24-09-2014 12:55:18 - INFO - 60 matches affected
24-09-2014 12:55:18 - INFO - 3 warning(s)
24-09-2014 13:27:07 - INFO at: VALID - started...
24-09-2014 13:27:07 - INFO - .......................................................................
24-09-2014 13:27:08 - WARNING WAR001 at: VALID Tuple/Match: 1 MATCH_L_TO_R : 3 - The datatypes of the two sides are only compatible from right to left. The data will be tranformed if necessary
24-09-2014 13:27:08 - WARNING WAR001 at: VALID Tuple/Match: 14 MATCH_L_TO_R : 58 - The datatypes of the two sides are only compatible from right to left. The data will be tranformed if necessary
24-09-2014 13:27:08 - WARNING WAR001 at: VALID Tuple/Match: 14 MATCH_L_TO_R : 59 - The datatypes of the two sides are only compatible from right to left. The data will be tranformed if necessary
24-09-2014 13:27:08 - INFO - .......................................................................
24-09-2014 13:27:08 - INFO at: VALID - completed with warnings
24-09-2014 13:27:08 - INFO - .......................................................................
24-09-2014 13:27:08 - INFO - 14 tuples affected
24-09-2014 13:27:08 - INFO - 60 matches affected
24-09-2014 13:27:08 - INFO - 3 warning(s)
24-09-2014 13:31:18 - INFO at: VALID - started...
24-09-2014 13:31:18 - INFO - .......................................................................
24-09-2014 13:31:18 - WARNING WAR001 at: VALID Tuple/Match: 1 MATCH_L_TO_R : 3 - The datatypes of the two sides are only compatible from right to left. The data will be tranformed if necessary
24-09-2014 13:31:18 - WARNING WAR001 at: VALID Tuple/Match: 14 MATCH_L_TO_R : 58 - The datatypes of the two sides are only compatible from right to left. The data will be tranformed if necessary
24-09-2014 13:31:18 - WARNING WAR001 at: VALID Tuple/Match: 14 MATCH_L_TO_R : 59 - The datatypes of the two sides are only compatible from right to left. The data will be tranformed if necessary
24-09-2014 13:31:18 - INFO - .......................................................................
24-09-2014 13:31:18 - INFO at: VALID - completed with warnings
24-09-2014 13:31:18 - INFO - .......................................................................
24-09-2014 13:31:18 - INFO - 14 tuples affected
24-09-2014 13:31:18 - INFO - 60 matches affected
24-09-2014 13:31:18 - INFO - 3 warning(s)
24-09-2014 13:37:39 - INFO at: VALID - started...
24-09-2014 13:37:39 - INFO - .......................................................................
24-09-2014 13:37:40 - WARNING WAR001 at: VALID Tuple/Match: 1 MATCH_L_TO_R : 3 - The datatypes of the two sides are only compatible from right to left. The data will be tranformed if necessary
24-09-2014 13:37:40 - WARNING WAR001 at: VALID Tuple/Match: 14 MATCH_L_TO_R : 58 - The datatypes of the two sides are only compatible from right to left. The data will be tranformed if necessary
24-09-2014 13:37:40 - WARNING WAR001 at: VALID Tuple/Match: 14 MATCH_L_TO_R : 59 - The datatypes of the two sides are only compatible from right to left. The data will be tranformed if necessary
24-09-2014 13:37:40 - INFO - .......................................................................
24-09-2014 13:37:40 - INFO at: VALID - completed with warnings
24-09-2014 13:37:40 - INFO - .......................................................................
24-09-2014 13:37:40 - INFO - 14 tuples affected
24-09-2014 13:37:40 - INFO - 60 matches affected
24-09-2014 13:37:40 - INFO - 3 warning(s)
24-09-2014 13:38:48 - INFO at: VALID - started...
24-09-2014 13:38:48 - INFO - .......................................................................
24-09-2014 13:38:48 - WARNING WAR001 at: VALID Tuple/Match: 1 MATCH_L_TO_R : 3 - The datatypes of the two sides are only compatible from right to left. The data will be tranformed if necessary
24-09-2014 13:38:48 - WARNING WAR001 at: VALID Tuple/Match: 14 MATCH_L_TO_R : 58 - The datatypes of the two sides are only compatible from right to left. The data will be tranformed if necessary
24-09-2014 13:38:48 - WARNING WAR001 at: VALID Tuple/Match: 14 MATCH_L_TO_R : 59 - The datatypes of the two sides are only compatible from right to left. The data will be tranformed if necessary
24-09-2014 13:38:48 - INFO - .......................................................................
24-09-2014 13:38:48 - INFO at: VALID - completed with warnings
24-09-2014 13:38:48 - INFO - .......................................................................
24-09-2014 13:38:48 - INFO - 14 tuples affected
24-09-2014 13:38:48 - INFO - 60 matches affected
24-09-2014 13:38:48 - INFO - 3 warning(s)
24-09-2014 13:39:20 - INFO at: VALID - started...
24-09-2014 13:39:20 - INFO - .......................................................................
24-09-2014 13:39:20 - WARNING WAR001 at: VALID Tuple/Match: 1 MATCH_L_TO_R : 3 - The datatypes of the two sides are only compatible from right to left. The data will be tranformed if necessary
24-09-2014 13:39:20 - WARNING WAR001 at: VALID Tuple/Match: 14 MATCH_L_TO_R : 58 - The datatypes of the two sides are only compatible from right to left. The data will be tranformed if necessary
24-09-2014 13:39:20 - WARNING WAR001 at: VALID Tuple/Match: 14 MATCH_L_TO_R : 59 - The datatypes of the two sides are only compatible from right to left. The data will be tranformed if necessary
24-09-2014 13:39:20 - INFO - .......................................................................
24-09-2014 13:39:20 - INFO at: VALID - completed with warnings
24-09-2014 13:39:20 - INFO - .......................................................................
24-09-2014 13:39:20 - INFO - 14 tuples affected
24-09-2014 13:39:20 - INFO - 60 matches affected
24-09-2014 13:39:20 - INFO - 3 warning(s)
24-09-2014 13:43:00 - INFO at: VALID - started...
24-09-2014 13:43:00 - INFO - .......................................................................
24-09-2014 13:43:01 - WARNING WAR001 at: VALID Tuple/Match: 1 MATCH_L_TO_R : 3 - The datatypes of the two sides are only compatible from right to left. The data will be tranformed if necessary
24-09-2014 13:43:01 - WARNING WAR001 at: VALID Tuple/Match: 14 MATCH_L_TO_R : 58 - The datatypes of the two sides are only compatible from right to left. The data will be tranformed if necessary
24-09-2014 13:43:01 - WARNING WAR001 at: VALID Tuple/Match: 14 MATCH_L_TO_R : 59 - The datatypes of the two sides are only compatible from right to left. The data will be tranformed if necessary
24-09-2014 13:43:01 - INFO - .......................................................................
24-09-2014 13:43:01 - INFO at: VALID - completed with warnings
24-09-2014 13:43:01 - INFO - .......................................................................
24-09-2014 13:43:01 - INFO - 14 tuples affected
24-09-2014 13:43:01 - INFO - 60 matches affected
24-09-2014 13:43:01 - INFO - 3 warning(s)
24-09-2014 14:06:46 - INFO at: VALID - started...
24-09-2014 14:06:46 - INFO - .......................................................................
24-09-2014 14:06:46 - WARNING WAR001 at: VALID Tuple/Match: 1 MATCH_L_TO_R : 3 - The datatypes of the two sides are only compatible from right to left. The data will be tranformed if necessary
24-09-2014 14:06:46 - WARNING WAR001 at: VALID Tuple/Match: 14 MATCH_L_TO_R : 58 - The datatypes of the two sides are only compatible from right to left. The data will be tranformed if necessary
24-09-2014 14:06:46 - WARNING WAR001 at: VALID Tuple/Match: 14 MATCH_L_TO_R : 59 - The datatypes of the two sides are only compatible from right to left. The data will be tranformed if necessary
24-09-2014 14:06:46 - INFO - .......................................................................
24-09-2014 14:06:46 - INFO at: VALID - completed with warnings
24-09-2014 14:06:46 - INFO - .......................................................................
24-09-2014 14:06:46 - INFO - 14 tuples affected
24-09-2014 14:06:46 - INFO - 60 matches affected
24-09-2014 14:06:46 - INFO - 3 warning(s)
24-09-2014 14:07:30 - INFO at: VALID - started...
24-09-2014 14:07:30 - INFO - .......................................................................
24-09-2014 14:07:30 - WARNING WAR001 at: VALID Tuple/Match: 1 MATCH_L_TO_R : 3 - The datatypes of the two sides are only compatible from right to left. The data will be tranformed if necessary
24-09-2014 14:07:30 - WARNING WAR001 at: VALID Tuple/Match: 14 MATCH_L_TO_R : 58 - The datatypes of the two sides are only compatible from right to left. The data will be tranformed if necessary
24-09-2014 14:07:30 - WARNING WAR001 at: VALID Tuple/Match: 14 MATCH_L_TO_R : 59 - The datatypes of the two sides are only compatible from right to left. The data will be tranformed if necessary
24-09-2014 14:07:31 - INFO - .......................................................................
24-09-2014 14:07:31 - INFO at: VALID - completed with warnings
24-09-2014 14:07:31 - INFO - .......................................................................
24-09-2014 14:07:31 - INFO - 14 tuples affected
24-09-2014 14:07:31 - INFO - 60 matches affected
24-09-2014 14:07:31 - INFO - 3 warning(s)
24-09-2014 14:07:46 - INFO at: VALID - started...
24-09-2014 14:07:46 - INFO - .......................................................................
24-09-2014 14:07:46 - WARNING WAR001 at: VALID Tuple/Match: 1 MATCH_L_TO_R : 3 - The datatypes of the two sides are only compatible from right to left. The data will be tranformed if necessary
24-09-2014 14:07:46 - WARNING WAR001 at: VALID Tuple/Match: 14 MATCH_L_TO_R : 58 - The datatypes of the two sides are only compatible from right to left. The data will be tranformed if necessary
24-09-2014 14:07:46 - WARNING WAR001 at: VALID Tuple/Match: 14 MATCH_L_TO_R : 59 - The datatypes of the two sides are only compatible from right to left. The data will be tranformed if necessary
24-09-2014 14:07:46 - INFO - .......................................................................
24-09-2014 14:07:46 - INFO at: VALID - completed with warnings
24-09-2014 14:07:46 - INFO - .......................................................................
24-09-2014 14:07:46 - INFO - 14 tuples affected
24-09-2014 14:07:46 - INFO - 60 matches affected
24-09-2014 14:07:46 - INFO - 3 warning(s)
24-09-2014 14:16:40 - INFO at: VALID - started...
24-09-2014 14:16:40 - INFO - .......................................................................
24-09-2014 14:16:40 - WARNING WAR001 at: VALID Tuple/Match: 1 MATCH_L_TO_R : 3 - The datatypes of the two sides are only compatible from right to left. The data will be tranformed if necessary
24-09-2014 14:16:40 - WARNING WAR001 at: VALID Tuple/Match: 14 MATCH_L_TO_R : 58 - The datatypes of the two sides are only compatible from right to left. The data will be tranformed if necessary
24-09-2014 14:16:40 - WARNING WAR001 at: VALID Tuple/Match: 14 MATCH_L_TO_R : 59 - The datatypes of the two sides are only compatible from right to left. The data will be tranformed if necessary
24-09-2014 14:16:40 - INFO - .......................................................................
24-09-2014 14:16:40 - INFO at: VALID - completed with warnings
24-09-2014 14:16:40 - INFO - .......................................................................
24-09-2014 14:16:40 - INFO - 14 tuples affected
24-09-2014 14:16:40 - INFO - 60 matches affected
24-09-2014 14:16:40 - INFO - 3 warning(s)
24-09-2014 14:17:28 - INFO at: VALID - started...
24-09-2014 14:17:28 - INFO - .......................................................................
24-09-2014 14:17:28 - WARNING WAR001 at: VALID Tuple/Match: 1 MATCH_L_TO_R : 3 - The datatypes of the two sides are only compatible from right to left. The data will be tranformed if necessary
24-09-2014 14:17:28 - WARNING WAR001 at: VALID Tuple/Match: 14 MATCH_L_TO_R : 58 - The datatypes of the two sides are only compatible from right to left. The data will be tranformed if necessary
24-09-2014 14:17:28 - WARNING WAR001 at: VALID Tuple/Match: 14 MATCH_L_TO_R : 59 - The datatypes of the two sides are only compatible from right to left. The data will be tranformed if necessary
24-09-2014 14:17:28 - INFO - .......................................................................
24-09-2014 14:17:28 - INFO at: VALID - completed with warnings
24-09-2014 14:17:28 - INFO - .......................................................................
24-09-2014 14:17:28 - INFO - 14 tuples affected
24-09-2014 14:17:28 - INFO - 60 matches affected
24-09-2014 14:17:28 - INFO - 3 warning(s)
24-09-2014 14:20:38 - INFO at: VALID - started...
24-09-2014 14:20:38 - INFO - .......................................................................
24-09-2014 14:20:38 - WARNING WAR001 at: VALID Tuple/Match: 1 MATCH_L_TO_R : 3 - The datatypes of the two sides are only compatible from right to left. The data will be tranformed if necessary
24-09-2014 14:20:38 - WARNING WAR001 at: VALID Tuple/Match: 14 MATCH_L_TO_R : 58 - The datatypes of the two sides are only compatible from right to left. The data will be tranformed if necessary
24-09-2014 14:20:38 - WARNING WAR001 at: VALID Tuple/Match: 14 MATCH_L_TO_R : 59 - The datatypes of the two sides are only compatible from right to left. The data will be tranformed if necessary
24-09-2014 14:20:38 - INFO - .......................................................................
24-09-2014 14:20:38 - INFO at: VALID - completed with warnings
24-09-2014 14:20:38 - INFO - .......................................................................
24-09-2014 14:20:38 - INFO - 14 tuples affected
24-09-2014 14:20:38 - INFO - 60 matches affected
24-09-2014 14:20:38 - INFO - 3 warning(s)
24-09-2014 14:25:42 - INFO at: VALID - started...
24-09-2014 14:25:42 - INFO - .......................................................................
24-09-2014 14:25:42 - WARNING WAR001 at: VALID Tuple/Match: 1 MATCH_L_TO_R : 3 - The datatypes of the two sides are only compatible from right to left. The data will be tranformed if necessary
24-09-2014 14:25:42 - WARNING WAR001 at: VALID Tuple/Match: 14 MATCH_L_TO_R : 58 - The datatypes of the two sides are only compatible from right to left. The data will be tranformed if necessary
24-09-2014 14:25:42 - WARNING WAR001 at: VALID Tuple/Match: 14 MATCH_L_TO_R : 59 - The datatypes of the two sides are only compatible from right to left. The data will be tranformed if necessary
24-09-2014 14:25:43 - INFO - .......................................................................
24-09-2014 14:25:43 - INFO at: VALID - completed with warnings
24-09-2014 14:25:43 - INFO - .......................................................................
24-09-2014 14:25:43 - INFO - 14 tuples affected
24-09-2014 14:25:43 - INFO - 60 matches affected
24-09-2014 14:25:43 - INFO - 3 warning(s)
24-09-2014 14:45:56 - INFO at: VALID - started...
24-09-2014 14:45:56 - INFO - .......................................................................
24-09-2014 14:45:56 - WARNING WAR001 at: VALID Tuple/Match: 1 MATCH_L_TO_R : 3 - The datatypes of the two sides are only compatible from right to left. The data will be tranformed if necessary
24-09-2014 14:45:56 - WARNING WAR001 at: VALID Tuple/Match: 14 MATCH_L_TO_R : 58 - The datatypes of the two sides are only compatible from right to left. The data will be tranformed if necessary
24-09-2014 14:45:56 - WARNING WAR001 at: VALID Tuple/Match: 14 MATCH_L_TO_R : 59 - The datatypes of the two sides are only compatible from right to left. The data will be tranformed if necessary
24-09-2014 14:45:56 - INFO - .......................................................................
24-09-2014 14:45:56 - INFO at: VALID - completed with warnings
24-09-2014 14:45:56 - INFO - .......................................................................
24-09-2014 14:45:56 - INFO - 14 tuples affected
24-09-2014 14:45:56 - INFO - 60 matches affected
24-09-2014 14:45:56 - INFO - 3 warning(s)
24-09-2014 14:48:25 - INFO at: VALID - started...
24-09-2014 14:48:25 - INFO - .......................................................................
24-09-2014 14:48:25 - WARNING WAR001 at: VALID Tuple/Match: 1 MATCH_L_TO_R : 3 - The datatypes of the two sides are only compatible from right to left. The data will be tranformed if necessary
24-09-2014 14:48:25 - WARNING WAR001 at: VALID Tuple/Match: 14 MATCH_L_TO_R : 58 - The datatypes of the two sides are only compatible from right to left. The data will be tranformed if necessary
24-09-2014 14:48:25 - WARNING WAR001 at: VALID Tuple/Match: 14 MATCH_L_TO_R : 59 - The datatypes of the two sides are only compatible from right to left. The data will be tranformed if necessary
24-09-2014 14:48:25 - INFO - .......................................................................
24-09-2014 14:48:25 - INFO at: VALID - completed with warnings
24-09-2014 14:48:25 - INFO - .......................................................................
24-09-2014 14:48:25 - INFO - 14 tuples affected
24-09-2014 14:48:25 - INFO - 60 matches affected
24-09-2014 14:48:25 - INFO - 3 warning(s)
24-09-2014 15:10:10 - INFO at: VALID - started...
24-09-2014 15:10:10 - INFO - .......................................................................
24-09-2014 15:10:10 - WARNING WAR001 at: VALID Tuple/Match: 1 MATCH_L_TO_R : 3 - The datatypes of the two sides are only compatible from right to left. The data will be tranformed if necessary
24-09-2014 15:10:10 - WARNING WAR001 at: VALID Tuple/Match: 14 MATCH_L_TO_R : 58 - The datatypes of the two sides are only compatible from right to left. The data will be tranformed if necessary
24-09-2014 15:10:10 - WARNING WAR001 at: VALID Tuple/Match: 14 MATCH_L_TO_R : 59 - The datatypes of the two sides are only compatible from right to left. The data will be tranformed if necessary
24-09-2014 15:10:10 - INFO - .......................................................................
24-09-2014 15:10:10 - INFO at: VALID - completed with warnings
24-09-2014 15:10:10 - INFO - .......................................................................
24-09-2014 15:10:10 - INFO - 14 tuples affected
24-09-2014 15:10:10 - INFO - 60 matches affected
24-09-2014 15:10:10 - INFO - 3 warning(s)
24-09-2014 15:22:09 - INFO at: VALID - started...
24-09-2014 15:22:09 - INFO - .......................................................................
24-09-2014 15:22:09 - WARNING WAR001 at: VALID Tuple/Match: 1 MATCH_L_TO_R : 3 - The datatypes of the two sides are only compatible from right to left. The data will be tranformed if necessary
24-09-2014 15:22:09 - WARNING WAR001 at: VALID Tuple/Match: 14 MATCH_L_TO_R : 58 - The datatypes of the two sides are only compatible from right to left. The data will be tranformed if necessary
24-09-2014 15:22:09 - WARNING WAR001 at: VALID Tuple/Match: 14 MATCH_L_TO_R : 59 - The datatypes of the two sides are only compatible from right to left. The data will be tranformed if necessary
24-09-2014 15:22:09 - INFO - .......................................................................
24-09-2014 15:22:09 - INFO at: VALID - completed with warnings
24-09-2014 15:22:09 - INFO - .......................................................................
24-09-2014 15:22:09 - INFO - 14 tuples affected
24-09-2014 15:22:09 - INFO - 60 matches affected
24-09-2014 15:22:09 - INFO - 3 warning(s)
24-09-2014 15:29:34 - INFO at: VALID - started...
24-09-2014 15:29:34 - INFO - .......................................................................
24-09-2014 15:29:34 - WARNING WAR001 at: VALID Tuple/Match: 1 MATCH_L_TO_R : 3 - The datatypes of the two sides are only compatible from right to left. The data will be tranformed if necessary
24-09-2014 15:29:34 - WARNING WAR001 at: VALID Tuple/Match: 14 MATCH_L_TO_R : 58 - The datatypes of the two sides are only compatible from right to left. The data will be tranformed if necessary
24-09-2014 15:29:34 - WARNING WAR001 at: VALID Tuple/Match: 14 MATCH_L_TO_R : 59 - The datatypes of the two sides are only compatible from right to left. The data will be tranformed if necessary
24-09-2014 15:29:34 - INFO - .......................................................................
24-09-2014 15:29:34 - INFO at: VALID - completed with warnings
24-09-2014 15:29:34 - INFO - .......................................................................
24-09-2014 15:29:34 - INFO - 14 tuples affected
24-09-2014 15:29:34 - INFO - 60 matches affected
24-09-2014 15:29:34 - INFO - 3 warning(s)
24-09-2014 15:31:45 - INFO at: VALID - started...
24-09-2014 15:31:45 - INFO - .......................................................................
24-09-2014 15:31:45 - WARNING WAR001 at: VALID Tuple/Match: 1 MATCH_L_TO_R : 3 - The datatypes of the two sides are only compatible from right to left. The data will be tranformed if necessary
24-09-2014 15:31:45 - WARNING WAR001 at: VALID Tuple/Match: 14 MATCH_L_TO_R : 58 - The datatypes of the two sides are only compatible from right to left. The data will be tranformed if necessary
24-09-2014 15:31:45 - WARNING WAR001 at: VALID Tuple/Match: 14 MATCH_L_TO_R : 59 - The datatypes of the two sides are only compatible from right to left. The data will be tranformed if necessary
24-09-2014 15:31:45 - INFO - .......................................................................
24-09-2014 15:31:45 - INFO at: VALID - completed with warnings
24-09-2014 15:31:45 - INFO - .......................................................................
24-09-2014 15:31:45 - INFO - 14 tuples affected
24-09-2014 15:31:45 - INFO - 60 matches affected
24-09-2014 15:31:45 - INFO - 3 warning(s)
